Build started 11/16/2013 8:00:43 PM.
     1>Project "C:\Users\Eunsol\Dropbox\cs557\project3\557-modeler\modeler.vcxproj" on node 2 (Build target(s)).
     1>ClCompile:
         C:\Program Files\Microsoft Visual Studio 11.0\VC\bin\CL.exe /c /I"C:\Users\Eunsol\Dropbox\cs557\project3\557-modeler\\glew\include" /I"C:\Program Files\fltk-1.1.10\zlib" /I"C:\Program Files\fltk-1.1.10\png" /I"C:\Program Files\fltk-1.1.10\jpeg" /I"C:\Program Files\fltk-1.1.10" /I"C:\Users\Eunsol\Dropbox\cs557\project3\557-modeler\\file dialog" /ZI /nologo /W3 /WX- /Od /Oy- /D WIN32 /D _DEBUG /D _CONSOLE /D FLTK1 /D GLEW_STATIC /D _VC80_UPGRADE=0x0710 /D _MBCS /Gm- /EHsc /RTC1 /MDd /GS /fp:precise /Zc:wchar_t /Zc:forScope /Fo"Debug/" /Fd"Debug/vc110.pdb" /Gd /TP /wd4996 /analyze- /errorReport:prompt modelerdraw.cpp
         modelerdraw.cpp
     1>c:\users\eunsol\dropbox\cs557\project3\557-modeler\modelerdraw.cpp(629): warning C4018: '<' : signed/unsigned mismatch
       Link:
         C:\Program Files\Microsoft Visual Studio 11.0\VC\bin\link.exe /ERRORREPORT:PROMPT /OUT:"Debug/modeler.exe" /INCREMENTAL /NOLOGO /LIBPATH:"C:\Program Files\fltk-1.1.10\lib" fltkzd.lib fltkjpegd.lib fltkpngd.lib fltkgld.lib fltkd.lib opengl32.lib comctl32.lib wsock32.lib glu32.lib odbc32.lib odbccp32.lib kernel32.lib user32.lib gdi32.lib winspool.lib comdlg32.lib advapi32.lib shell32.lib ole32.lib oleaut32.lib uuid.lib odbc32.lib odbccp32.lib /NODEFAULTLIB:msvcrt /MANIFEST /MANIFESTUAC:"level='asInvoker' uiAccess='false'" /manifest:embed /DEBUG /PDB:"Debug/modeler.pdb" /SUBSYSTEM:CONSOLE /TLBID:1 /DYNAMICBASE:NO /IMPLIB:"Debug\modeler.lib" /MACHINE:X86 /SAFESEH /MACHINE:I386 Debug/Fl_Tree.obj
         Debug/Fl_Tree_Item.obj
         Debug/Fl_Tree_Item_Array.obj
         Debug/Fl_Tree_Prefs.obj
         Debug/camera.obj
         Debug/Fl_Native_File_Chooser.obj
         Debug/modelerdraw.obj
         Debug/modelerui.obj
         Debug/modelerview.obj
         Debug/rijndael.obj
         Debug/shaders.obj
         Debug/glew.obj
         Debug/imageio.obj
         Debug/trackball.obj
         Debug/vault.obj
         Debug/vect.obj
         Debug/model.obj
         Debug/properties.obj
         Debug/sample.obj
     1>Fl_Tree.obj : warning LNK4075: ignoring '/EDITANDCONTINUE' due to '/SAFESEH' specification
         modeler.vcxproj -> C:\Users\Eunsol\Dropbox\cs557\project3\557-modeler\Debug\modeler.exe
     1>Done Building Project "C:\Users\Eunsol\Dropbox\cs557\project3\557-modeler\modeler.vcxproj" (Build target(s)).

Build succeeded.

Time Elapsed 00:00:03.09
