C:\USERS\EUNSOL\DROPBOX\CS557\557-MODELER\DEBUG\SAMPLE.OBJ
C:\USERS\EUNSOL\DROPBOX\CS557\557-MODELER\DEBUG\PROPERTIES.OBJ
C:\USERS\EUNSOL\DROPBOX\CS557\557-MODELER\DEBUG\MODEL.OBJ
C:\USERS\EUNSOL\DROPBOX\CS557\557-MODELER\DEBUG\VAULT.OBJ
C:\USERS\EUNSOL\DROPBOX\CS557\557-MODELER\DEBUG\TRACKBALL.OBJ
C:\USERS\EUNSOL\DROPBOX\CS557\557-MODELER\DEBUG\IMAGEIO.OBJ
C:\USERS\EUNSOL\DROPBOX\CS557\557-MODELER\DEBUG\SHADERS.OBJ
C:\USERS\EUNSOL\DROPBOX\CS557\557-MODELER\DEBUG\RIJNDAEL.OBJ
C:\USERS\EUNSOL\DROPBOX\CS557\557-MODELER\DEBUG\MODELERVIEW.OBJ
C:\USERS\EUNSOL\DROPBOX\CS557\557-MODELER\DEBUG\MODELERUI.OBJ
C:\USERS\EUNSOL\DROPBOX\CS557\557-MODELER\DEBUG\MODELERDRAW.OBJ
C:\USERS\EUNSOL\DROPBOX\CS557\557-MODELER\DEBUG\FL_NATIVE_FILE_CHOOSER.OBJ
C:\USERS\EUNSOL\DROPBOX\CS557\557-MODELER\DEBUG\CAMERA.OBJ
C:\USERS\EUNSOL\DROPBOX\CS557\557-MODELER\DEBUG\FL_TREE_PREFS.OBJ
C:\USERS\EUNSOL\DROPBOX\CS557\557-MODELER\DEBUG\FL_TREE_ITEM_ARRAY.OBJ
C:\USERS\EUNSOL\DROPBOX\CS557\557-MODELER\DEBUG\FL_TREE_ITEM.OBJ
C:\USERS\EUNSOL\DROPBOX\CS557\557-MODELER\DEBUG\FL_TREE.OBJ
C:\USERS\EUNSOL\DROPBOX\CS557\557-MODELER\DEBUG\VC110.PDB
C:\USERS\EUNSOL\DROPBOX\CS557\557-MODELER\DEBUG\VECT.OBJ
C:\USERS\EUNSOL\DROPBOX\CS557\557-MODELER\DEBUG\GLEW.OBJ
C:\USERS\EUNSOL\DROPBOX\CS557\557-MODELER\DEBUG\MODELER.ILK
C:\USERS\EUNSOL\DROPBOX\CS557\557-MODELER\DEBUG\MODELER.EXE
C:\USERS\EUNSOL\DROPBOX\CS557\557-MODELER\DEBUG\MODELER.PDB
C:\Users\Eunsol\Dropbox\cs557\557-modeler\Debug\camera.obj
C:\Users\Eunsol\Dropbox\cs557\557-modeler\Debug\Fl_Native_File_Chooser.obj
C:\Users\Eunsol\Dropbox\cs557\557-modeler\Debug\Fl_Tree.obj
C:\Users\Eunsol\Dropbox\cs557\557-modeler\Debug\Fl_Tree_Item.obj
C:\Users\Eunsol\Dropbox\cs557\557-modeler\Debug\Fl_Tree_Item_Array.obj
C:\Users\Eunsol\Dropbox\cs557\557-modeler\Debug\Fl_Tree_Prefs.obj
C:\Users\Eunsol\Dropbox\cs557\557-modeler\Debug\glew.obj
C:\Users\Eunsol\Dropbox\cs557\557-modeler\Debug\imageio.obj
C:\Users\Eunsol\Dropbox\cs557\557-modeler\Debug\model.obj
C:\Users\Eunsol\Dropbox\cs557\557-modeler\Debug\modelerdraw.obj
C:\Users\Eunsol\Dropbox\cs557\557-modeler\Debug\modelerui.obj
C:\Users\Eunsol\Dropbox\cs557\557-modeler\Debug\modelerview.obj
C:\Users\Eunsol\Dropbox\cs557\557-modeler\Debug\properties.obj
C:\Users\Eunsol\Dropbox\cs557\557-modeler\Debug\rijndael.obj
C:\Users\Eunsol\Dropbox\cs557\557-modeler\Debug\sample.obj
C:\Users\Eunsol\Dropbox\cs557\557-modeler\Debug\shaders.obj
C:\Users\Eunsol\Dropbox\cs557\557-modeler\Debug\trackball.obj
C:\Users\Eunsol\Dropbox\cs557\557-modeler\Debug\vault.obj
C:\Users\Eunsol\Dropbox\cs557\557-modeler\Debug\vect.obj
C:\Users\Eunsol\Dropbox\cs557\557-modeler\Debug\modeler.ilk
C:\Users\Eunsol\Dropbox\cs557\557-modeler\Debug\cl.command.1.tlog
C:\Users\Eunsol\Dropbox\cs557\557-modeler\Debug\CL.read.1.tlog
C:\Users\Eunsol\Dropbox\cs557\557-modeler\Debug\CL.write.1.tlog
C:\Users\Eunsol\Dropbox\cs557\557-modeler\Debug\link-cvtres.read.1.tlog
C:\Users\Eunsol\Dropbox\cs557\557-modeler\Debug\link-cvtres.write.1.tlog
C:\Users\Eunsol\Dropbox\cs557\557-modeler\Debug\link-rc.read.1.tlog
C:\Users\Eunsol\Dropbox\cs557\557-modeler\Debug\link-rc.write.1.tlog
C:\Users\Eunsol\Dropbox\cs557\557-modeler\Debug\link.command.1.tlog
C:\Users\Eunsol\Dropbox\cs557\557-modeler\Debug\link.read.1.tlog
C:\Users\Eunsol\Dropbox\cs557\557-modeler\Debug\link.write.1.tlog
C:\Users\Eunsol\Dropbox\cs557\557-modeler\Debug\vc110.idb
C:\Users\Eunsol\Dropbox\cs557\557-modeler\Debug\modeler.pdb
C:\Users\Eunsol\Dropbox\cs557\557-modeler\Debug\vc110.pdb
C:\Users\Eunsol\Dropbox\cs557\557-modeler\Debug\modeler.exe
